Build started 11/6/2016 4:51:54 PM.
     1>Project "E:\Visual Studio 2013\Projects\1412363_Hook\1412363_LogClipboard\1412363_LogClipboard.vcxproj" on node 2 (Build target(s)).
     1>ClCompile:
         C:\Program Files (x86)\Microsoft Visual Studio 12.0\VC\bin\CL.exe /c /Zi /nologo /W3 /WX- /sdl /O2 /Oi /Oy- /GL /D WIN32 /D NDEBUG /D _WINDOWS /D _UNICODE /D UNICODE /Gm- /EHsc /MD /GS /Gy /fp:precise /Zc:wchar_t /Zc:forScope /Yc"stdafx.h" /Fp"Release\1412363_LogClipboard.pch" /Fo"Release\\" /Fd"Release\vc120.pdb" /Gd /TP /analyze- /errorReport:prompt stdafx.cpp
         stdafx.cpp
         C:\Program Files (x86)\Microsoft Visual Studio 12.0\VC\bin\CL.exe /c /Zi /nologo /W3 /WX- /sdl /O2 /Oi /Oy- /GL /D WIN32 /D NDEBUG /D _WINDOWS /D _UNICODE /D UNICODE /Gm- /EHsc /MD /GS /Gy /fp:precise /Zc:wchar_t /Zc:forScope /Yu"stdafx.h" /Fp"Release\1412363_LogClipboard.pch" /Fo"Release\\" /Fd"Release\vc120.pdb" /Gd /TP /analyze- /errorReport:prompt 1412363_LogClipboard.cpp
         1412363_LogClipboard.cpp
     1>1412363_LogClipboard.cpp(206): warning C4101: 'pbi' : unreferenced local variable
     1>1412363_LogClipboard.cpp(291): warning C4018: '<' : signed/unsigned mismatch
       ResourceCompile:
         C:\Program Files (x86)\Windows Kits\8.1\bin\x86\rc.exe /D _UNICODE /D UNICODE /l"0x0409" /nologo /fo"Release\1412363_LogClipboard.res" 1412363_LogClipboard.rc 
       Link:
         C:\Program Files (x86)\Microsoft Visual Studio 12.0\VC\bin\link.exe /ERRORREPORT:PROMPT /OUT:"E:\Visual Studio 2013\Projects\1412363_Hook\Release\1412363_LogClipboard.exe" /INCREMENTAL:NO /NOLOGO kernel32.lib user32.lib gdi32.lib winspool.lib comdlg32.lib advapi32.lib shell32.lib ole32.lib oleaut32.lib uuid.lib odbc32.lib odbccp32.lib /MANIFEST /MANIFESTUAC:"level='asInvoker' uiAccess='false'" /manifest:embed /DEBUG /PDB:"E:\Visual Studio 2013\Projects\1412363_Hook\Release\1412363_LogClipboard.pdb" /SUBSYSTEM:WINDOWS /OPT:REF /OPT:ICF /LTCG /TLBID:1 /DYNAMICBASE /NXCOMPAT /IMPLIB:"E:\Visual Studio 2013\Projects\1412363_Hook\Release\1412363_LogClipboard.lib" /MACHINE:X86 /SAFESEH Release\1412363_LogClipboard.res
         Release\1412363_LogClipboard.obj
         Release\stdafx.obj
         Generating code
         Finished generating code
         1412363_LogClipboard.vcxproj -> E:\Visual Studio 2013\Projects\1412363_Hook\Release\1412363_LogClipboard.exe
     1>Done Building Project "E:\Visual Studio 2013\Projects\1412363_Hook\1412363_LogClipboard\1412363_LogClipboard.vcxproj" (Build target(s)).

Build succeeded.

Time Elapsed 00:00:10.47
